<?xml version="1.0" encoding="UTF-8"?>
<!-- Generated by org.testng.reporters.JUnitXMLReporter -->
<testsuite ignored="0" hostname="SF-LAP-497" failures="0" tests="6" name="OrangeHRMTest" time="62.169" errors="0" timestamp="2024-02-20T10:21:44 IST">
  <testcase classname="com.orange.testcases.LoginTestcase" name="verifyLoginPageUITest" time="0.46"/>
  <testcase classname="com.orange.testcases.LoginTestcase" name="validateLoginFunctionality" time="3.745"/>
  <testcase classname="com.orange.testcases.LoginTestcase" name="logouttest" time="2.619"/>
  <testcase classname="com.orange.testcases.HelpTest" name="navigatetoHelpScreen" time="6.433"/>
  <testcase classname="com.orange.testcases.AddEmployee" name="navigateToAddEmployeeUITest" time="7.791"/>
  <testcase classname="com.orange.testcases.AddEmployee" name="createNewUserTest" time="10.301"/>
</testsuite> <!-- OrangeHRMTest -->
