<?xml version="1.0" encoding="UTF-8"?>
<testng-results ignored="0" total="1" passed="1" failed="0" skipped="0">
  <reporter-output>
  </reporter-output>
  <suite started-at="2024-02-20T15:53:35 IST" name="Default suite" finished-at="2024-02-20T15:54:00 IST" duration-ms="25544">
    <groups>
    </groups>
    <test started-at="2024-02-20T15:53:35 IST" name="Default test" finished-at="2024-02-20T15:54:00 IST" duration-ms="25544">
      <class name="com.orange.testcases.UpldateEmployeeTest">
        <test-method is-config="true" signature="setup()[pri:0, instance:com.orange.testcases.UpldateEmployeeTest@7dc19a70]" started-at="2024-02-20T15:53:35 IST" name="setup" finished-at="2024-02-20T15:53:38 IST" duration-ms="2637" status="PASS">
          <reporter-output>
          </reporter-output>
        </test-method> <!-- setup -->
        <test-method is-config="true" signature="launchURL()[pri:0, instance:com.orange.testcases.UpldateEmployeeTest@7dc19a70]" started-at="2024-02-20T15:53:38 IST" name="launchURL" finished-at="2024-02-20T15:53:49 IST" duration-ms="11039" status="PASS">
          <reporter-output>
          </reporter-output>
        </test-method> <!-- launchURL -->
        <test-method signature="searchEmployeeTest()[pri:0, instance:com.orange.testcases.UpldateEmployeeTest@7dc19a70]" started-at="2024-02-20T15:53:49 IST" name="searchEmployeeTest" finished-at="2024-02-20T15:54:00 IST" duration-ms="11808" status="PASS">
          <reporter-output>
          </reporter-output>
        </test-method> <!-- searchEmployeeTest -->
      </class> <!-- com.orange.testcases.UpldateEmployeeTest -->
    </test> <!-- Default test -->
  </suite> <!-- Default suite -->
</testng-results>
